********************************************************************************
DUPLICATOR-LITE PACKAGE-LOG: January 15, 2019 3:41 pm
NOTICE: Do NOT post to public sites or forums 
********************************************************************************
VERSION:	1.2.52
WORDPRESS:	5.0.3
PHP INFO:	7.2.8 | SAPI: apache2handler
SERVER:		Apache/2.2.34 (Unix) mod_wsgi/3.5 Python/2.7.13 PHP/7.2.8 mod_ssl/2.2.34 OpenSSL/1.0.2o DAV/2 mod_fastcgi/mod_fastcgi-SNAP-0910052141 mod_perl/2.0.9 Perl/v5.24.0 
PHP TIME LIMIT: (0) no time limit imposed 
PHP MAX MEMORY: 2048M (128M default) 
MEMORY STACK: 4.25MB 

********************************************************************************
DATABASE:
********************************************************************************
BUILD MODE:   PHP(query limit - 100)
MYSQLTIMEOUT: 5000
MYSQLDUMP:    Not Supported 
TABLES: total:14 | filtered:0 | create:14 
FILTERED: [] 
SQL CREATED: 20190113_teknisiaccom_b912cf4b0b1664d62985_20190115154122_database.sql 
SQL FILE SIZE: 1.03MB (1078719) 
SQL FILE TIME: 2019-01-15 15:41:27 
SQL RUNTIME: 0.17 sec. 

******************************************************************************** 
ARCHIVE (ZIP): 
******************************************************************************** 
ARCHIVE DIR:  /Applications/MAMP/htdocs/servisac 
ARCHIVE FILE: 20190113_teknisiaccom_b912cf4b0b1664d62985_20190115154122_archive.zip 
FILTERS: *OFF* 
DIRS:
	not set 
FILES:
	not set 
EXTS:  not set 
---------------------------------------- 
COMPRESSING 
SIZE:	101.25MB 
STATS:	Dirs 971 | Files 5,029 
SQL ADDED: 20190113_teknisiaccom_b912cf4b0b1664d62985_20190115154122_database.sql 
ZipArchive Object
(
    [status] => 0
    [statusSys] => 0
    [numFiles] => 6000
    [filename] => /Applications/MAMP/htdocs/servisac/wp-snapshots/tmp/20190113_teknisiaccom_b912cf4b0b1664d62985_20190115154122_archive.zip
    [comment] => 
)
 
COMPRESSION RESULT: '1' 
COMPRESSED SIZE: 42.63MB 
ARCHIVE RUNTIME: 14.41 sec. 
MEMORY STACK: 6.25MB 

******************************************************************************** 
MAKE INSTALLER: 
******************************************************************************** 
Build Start 
Build Finished 
Preparing for use 
PACK SIZE:  
Template parsed with new data 
Complete [/Applications/MAMP/htdocs/servisac/wp-snapshots/tmp/20190113_teknisiaccom_b912cf4b0b1664d62985_20190115154122_installer.php] 
Added to archive 

******************************************************************************** 
INTEGRITY CHECKS: 
******************************************************************************** 
SQL File: 1.03MB 
Installer File: 514.18KB 
Archive File: 42.63MB  

********************************************************************************
RECORD ID:[2]
TOTAL PROCESS RUNTIME: 15.96 sec.
PEAK PHP MEMORY USED: 8.25MB
DONE PROCESSING => 20190113_teknisiaccom January 15, 2019 3:41 pm
 
